[INFO] add S1 to network.
[INFO] add S2 to network.
[INFO] add S1 to network.
[INFO] add S2 to network.
[INFO] add A0 to network.
[INFO] add D0 to network.
[INFO] add M1 to network.
[INFO] add M2 to network.
[INFO] link S1 to A0.
[INFO] link S2 to A0.
[INFO] link A0 to D0.
[INFO] link D0 to M1.
[INFO] link D0 to M2.
[INFO] System address mapping generation start.
[INFO] Find a mapping: (0, 65535) -> 1
[INFO] Find a mapping: (65536, 131071) -> 2
[INFO] src id propagation start.
[INFO] Find a backward path: ['M1', 'D0', 'A0', 'S1']
[INFO] Find a backward path: ['M2', 'D0', 'A0', 'S1']
[INFO] Find a backward path: ['M1', 'D0', 'A0', 'S2']
[INFO] Find a backward path: ['M2', 'D0', 'A0', 'S2']
[INFO] Find a backward path: ['M1', 'D0', 'A0', 'S1']
[INFO] Find a backward path: ['M2', 'D0', 'A0', 'S1']
[INFO] Find a backward path: ['M1', 'D0', 'A0', 'S2']
[INFO] Find a backward path: ['M2', 'D0', 'A0', 'S2']
[INFO] A0 reachable src id update from S2.
[INFO] S2 src id list: [2]
[INFO] A0 src id list before update: []
[INFO] A0 src id list after update: [2]
[INFO] D0 reachable src id update from A0.
[INFO] A0 src id list: [2]
[INFO] D0 src id list before update: []
[INFO] D0 src id list after update: [2]
[INFO] M2 reachable src id update from D0.
[INFO] D0 src id list: [2]
[INFO] M2 src id list before update: []
[INFO] M2 src id list after update: [2]
[INFO] A0 reachable src id update from S2.
[INFO] S2 src id list: [2]
[INFO] A0 src id list before update: [2]
[INFO] A0 src id list after update: [2]
[INFO] D0 reachable src id update from A0.
[INFO] A0 src id list: [2]
[INFO] D0 src id list before update: [2]
[INFO] D0 src id list after update: [2]
[INFO] M1 reachable src id update from D0.
[INFO] D0 src id list: [2]
[INFO] M1 src id list before update: []
[INFO] M1 src id list after update: [2]
[INFO] A0 reachable src id update from S1.
[INFO] S1 src id list: [1]
[INFO] A0 src id list before update: [2]
[INFO] A0 src id list after update: [1, 2]
[INFO] D0 reachable src id update from A0.
[INFO] A0 src id list: [1, 2]
[INFO] D0 src id list before update: [2]
[INFO] D0 src id list after update: [1, 2]
[INFO] M2 reachable src id update from D0.
[INFO] D0 src id list: [1, 2]
[INFO] M2 src id list before update: [2]
[INFO] M2 src id list after update: [1, 2]
[INFO] A0 reachable src id update from S1.
[INFO] S1 src id list: [1]
[INFO] A0 src id list before update: [1, 2]
[INFO] A0 src id list after update: [1, 2]
[INFO] D0 reachable src id update from A0.
[INFO] A0 src id list: [1, 2]
[INFO] D0 src id list before update: [1, 2]
[INFO] D0 src id list after update: [1, 2]
[INFO] M1 reachable src id update from D0.
[INFO] D0 src id list: [1, 2]
[INFO] M1 src id list before update: [2]
[INFO] M1 src id list after update: [1, 2]
[INFO] A0 reachable src id update from S2.
[INFO] S2 src id list: [2]
[INFO] A0 src id list before update: [1, 2]
[INFO] A0 src id list after update: [1, 2]
[INFO] D0 reachable src id update from A0.
[INFO] A0 src id list: [1, 2]
[INFO] D0 src id list before update: [1, 2]
[INFO] D0 src id list after update: [1, 2]
[INFO] M2 reachable src id update from D0.
[INFO] D0 src id list: [1, 2]
[INFO] M2 src id list before update: [1, 2]
[INFO] M2 src id list after update: [1, 2]
[INFO] A0 reachable src id update from S2.
[INFO] S2 src id list: [2]
[INFO] A0 src id list before update: [1, 2]
[INFO] A0 src id list after update: [1, 2]
[INFO] D0 reachable src id update from A0.
[INFO] A0 src id list: [1, 2]
[INFO] D0 src id list before update: [1, 2]
[INFO] D0 src id list after update: [1, 2]
[INFO] M1 reachable src id update from D0.
[INFO] D0 src id list: [1, 2]
[INFO] M1 src id list before update: [1, 2]
[INFO] M1 src id list after update: [1, 2]
[INFO] A0 reachable src id update from S1.
[INFO] S1 src id list: [1]
[INFO] A0 src id list before update: [1, 2]
[INFO] A0 src id list after update: [1, 2]
[INFO] D0 reachable src id update from A0.
[INFO] A0 src id list: [1, 2]
[INFO] D0 src id list before update: [1, 2]
[INFO] D0 src id list after update: [1, 2]
[INFO] M2 reachable src id update from D0.
[INFO] D0 src id list: [1, 2]
[INFO] M2 src id list before update: [1, 2]
[INFO] M2 src id list after update: [1, 2]
[INFO] A0 reachable src id update from S1.
[INFO] S1 src id list: [1]
[INFO] A0 src id list before update: [1, 2]
[INFO] A0 src id list after update: [1, 2]
[INFO] D0 reachable src id update from A0.
[INFO] A0 src id list: [1, 2]
[INFO] D0 src id list before update: [1, 2]
[INFO] D0 src id list after update: [1, 2]
[INFO] M1 reachable src id update from D0.
[INFO] D0 src id list: [1, 2]
[INFO] M1 src id list before update: [1, 2]
[INFO] M1 src id list after update: [1, 2]
[INFO] src id propagation finish.
[INFO] tgt id propagation start.
[INFO] Find a forward path: ['S1', 'A0', 'D0', 'M1']
[INFO] Find a forward path: ['S2', 'A0', 'D0', 'M1']
[INFO] Find a forward path: ['S1', 'A0', 'D0', 'M1']
[INFO] Find a forward path: ['S2', 'A0', 'D0', 'M1']
[INFO] Find a forward path: ['S1', 'A0', 'D0', 'M2']
[INFO] Find a forward path: ['S2', 'A0', 'D0', 'M2']
[INFO] Find a forward path: ['S1', 'A0', 'D0', 'M2']
[INFO] Find a forward path: ['S2', 'A0', 'D0', 'M2']
[INFO] D0 reachable tgt id update from M2.
[INFO] M2 tgt id list: [2]
[INFO] D0 tgt id list before update: []
[INFO] D0 tgt id list after update: [2]
[INFO] A0 reachable tgt id update from D0.
[INFO] D0 tgt id list: [2]
[INFO] A0 tgt id list before update: []
[INFO] A0 tgt id list after update: [2]
[INFO] S2 reachable tgt id update from A0.
[INFO] A0 tgt id list: [2]
[INFO] S2 tgt id list before update: []
[INFO] S2 tgt id list after update: [2]
[INFO] D0 reachable tgt id update from M2.
[INFO] M2 tgt id list: [2]
[INFO] D0 tgt id list before update: [2]
[INFO] D0 tgt id list after update: [2]
[INFO] A0 reachable tgt id update from D0.
[INFO] D0 tgt id list: [2]
[INFO] A0 tgt id list before update: [2]
[INFO] A0 tgt id list after update: [2]
[INFO] S1 reachable tgt id update from A0.
[INFO] A0 tgt id list: [2]
[INFO] S1 tgt id list before update: []
[INFO] S1 tgt id list after update: [2]
[INFO] D0 reachable tgt id update from M2.
[INFO] M2 tgt id list: [2]
[INFO] D0 tgt id list before update: [2]
[INFO] D0 tgt id list after update: [2]
[INFO] A0 reachable tgt id update from D0.
[INFO] D0 tgt id list: [2]
[INFO] A0 tgt id list before update: [2]
[INFO] A0 tgt id list after update: [2]
[INFO] S2 reachable tgt id update from A0.
[INFO] A0 tgt id list: [2]
[INFO] S2 tgt id list before update: [2]
[INFO] S2 tgt id list after update: [2]
[INFO] D0 reachable tgt id update from M2.
[INFO] M2 tgt id list: [2]
[INFO] D0 tgt id list before update: [2]
[INFO] D0 tgt id list after update: [2]
[INFO] A0 reachable tgt id update from D0.
[INFO] D0 tgt id list: [2]
[INFO] A0 tgt id list before update: [2]
[INFO] A0 tgt id list after update: [2]
[INFO] S1 reachable tgt id update from A0.
[INFO] A0 tgt id list: [2]
[INFO] S1 tgt id list before update: [2]
[INFO] S1 tgt id list after update: [2]
[INFO] D0 reachable tgt id update from M1.
[INFO] M1 tgt id list: [1]
[INFO] D0 tgt id list before update: [2]
[INFO] D0 tgt id list after update: [1, 2]
[INFO] A0 reachable tgt id update from D0.
[INFO] D0 tgt id list: [1, 2]
[INFO] A0 tgt id list before update: [2]
[INFO] A0 tgt id list after update: [1, 2]
[INFO] S2 reachable tgt id update from A0.
[INFO] A0 tgt id list: [1, 2]
[INFO] S2 tgt id list before update: [2]
[INFO] S2 tgt id list after update: [1, 2]
[INFO] D0 reachable tgt id update from M1.
[INFO] M1 tgt id list: [1]
[INFO] D0 tgt id list before update: [1, 2]
[INFO] D0 tgt id list after update: [1, 2]
[INFO] A0 reachable tgt id update from D0.
[INFO] D0 tgt id list: [1, 2]
[INFO] A0 tgt id list before update: [1, 2]
[INFO] A0 tgt id list after update: [1, 2]
[INFO] S1 reachable tgt id update from A0.
[INFO] A0 tgt id list: [1, 2]
[INFO] S1 tgt id list before update: [2]
[INFO] S1 tgt id list after update: [1, 2]
[INFO] D0 reachable tgt id update from M1.
[INFO] M1 tgt id list: [1]
[INFO] D0 tgt id list before update: [1, 2]
[INFO] D0 tgt id list after update: [1, 2]
[INFO] A0 reachable tgt id update from D0.
[INFO] D0 tgt id list: [1, 2]
[INFO] A0 tgt id list before update: [1, 2]
[INFO] A0 tgt id list after update: [1, 2]
[INFO] S2 reachable tgt id update from A0.
[INFO] A0 tgt id list: [1, 2]
[INFO] S2 tgt id list before update: [1, 2]
[INFO] S2 tgt id list after update: [1, 2]
[INFO] D0 reachable tgt id update from M1.
[INFO] M1 tgt id list: [1]
[INFO] D0 tgt id list before update: [1, 2]
[INFO] D0 tgt id list after update: [1, 2]
[INFO] A0 reachable tgt id update from D0.
[INFO] D0 tgt id list: [1, 2]
[INFO] A0 tgt id list before update: [1, 2]
[INFO] A0 tgt id list after update: [1, 2]
[INFO] S1 reachable tgt id update from A0.
[INFO] A0 tgt id list: [1, 2]
[INFO] S1 tgt id list before update: [1, 2]
[INFO] S1 tgt id list after update: [1, 2]
[INFO] tgt id propagation finish.
[INFO] [S1] start local port id mapping generation.
[INFO] [S1] tgt id mapping:
[INFO] forward port 0 connect to A0, which has reachable tgt id list [1, 2]
[INFO] [S1] tgt id mapping dict: {<pysrc.uhdl.Demo.lwnoc.TopoNode.ArbiterDual object at 0x0354C3B8>: [1, 2]}
[INFO] [S1] src id mapping:
[INFO] [S1] src id mapping dict: {}
[INFO] [S2] start local port id mapping generation.
[INFO] [S2] tgt id mapping:
[INFO] forward port 0 connect to A0, which has reachable tgt id list [1, 2]
[INFO] [S2] tgt id mapping dict: {<pysrc.uhdl.Demo.lwnoc.TopoNode.ArbiterDual object at 0x0354C3B8>: [1, 2]}
[INFO] [S2] src id mapping:
[INFO] [S2] src id mapping dict: {}
[INFO] [S1] start local port id mapping generation.
[INFO] [S1] tgt id mapping:
[INFO] forward port 0 connect to A0, which has reachable tgt id list [1, 2]
[INFO] [S1] tgt id mapping dict: {<pysrc.uhdl.Demo.lwnoc.TopoNode.ArbiterDual object at 0x0354C3B8>: [1, 2]}
[INFO] [S1] src id mapping:
[INFO] [S1] src id mapping dict: {}
[INFO] [S2] start local port id mapping generation.
[INFO] [S2] tgt id mapping:
[INFO] forward port 0 connect to A0, which has reachable tgt id list [1, 2]
[INFO] [S2] tgt id mapping dict: {<pysrc.uhdl.Demo.lwnoc.TopoNode.ArbiterDual object at 0x0354C3B8>: [1, 2]}
[INFO] [S2] src id mapping:
[INFO] [S2] src id mapping dict: {}
[INFO] [A0] start local port id mapping generation.
[INFO] [A0] tgt id mapping:
[INFO] forward port 0 connect to D0, which has reachable tgt id list [1, 2]
[INFO] [A0] tgt id mapping dict: {<pysrc.uhdl.Demo.lwnoc.TopoNode.DecoderDual object at 0x11DCCDD8>: [1, 2]}
[INFO] [A0] src id mapping:
[INFO] backward port 0 connect to S1, which has reachable src id list [1]
[INFO] backward port 1 connect to S2, which has reachable src id list [2]
[INFO] [A0] src id mapping dict: {<pysrc.uhdl.Demo.lwnoc.TopoNode.SlaveAxi object at 0x015CAF40>: [1], <pysrc.uhdl.Demo.lwnoc.TopoNode.SlaveAxi object at 0x0354C3D0>: [2]}
[INFO] [D0] start local port id mapping generation.
[INFO] [D0] tgt id mapping:
[INFO] forward port 0 connect to M1, which has reachable tgt id list [1]
[INFO] forward port 1 connect to M2, which has reachable tgt id list [2]
[INFO] [D0] tgt id mapping dict: {<pysrc.uhdl.Demo.lwnoc.TopoNode.MasterAxi object at 0x11DCCFA0>: [1], <pysrc.uhdl.Demo.lwnoc.TopoNode.MasterAxi object at 0x10D168F8>: [2]}
[INFO] [D0] src id mapping:
[INFO] backward port 0 connect to A0, which has reachable src id list [1, 2]
[INFO] [D0] src id mapping dict: {<pysrc.uhdl.Demo.lwnoc.TopoNode.ArbiterDual object at 0x0354C3B8>: [1, 2]}
[INFO] [M1] start local port id mapping generation.
[INFO] [M1] tgt id mapping:
[INFO] [M1] tgt id mapping dict: {}
[INFO] [M1] src id mapping:
[INFO] backward port 0 connect to D0, which has reachable src id list [1, 2]
[INFO] [M1] src id mapping dict: {<pysrc.uhdl.Demo.lwnoc.TopoNode.DecoderDual object at 0x11DCCDD8>: [1, 2]}
[INFO] [M2] start local port id mapping generation.
[INFO] [M2] tgt id mapping:
[INFO] [M2] tgt id mapping dict: {}
[INFO] [M2] src id mapping:
[INFO] backward port 0 connect to D0, which has reachable src id list [1, 2]
[INFO] [M2] src id mapping dict: {<pysrc.uhdl.Demo.lwnoc.TopoNode.DecoderDual object at 0x11DCCDD8>: [1, 2]}
